2026-01-30 19:45:04,093 INFO Found credentials in environment variables.
2026-01-30 19:51:37,072 INFO Found credentials in environment variables.
2026-01-30 19:52:50,735 INFO Found credentials in environment variables.
2026-01-30 19:52:55,778 INFO [31m[1mWARNING: This is a development server. Do not use it in a production deployment. Use a production WSGI server instead.[0m
 * Running on all addresses (0.0.0.0)
 * Running on http://127.0.0.1:5000
 * Running on http://10.20.14.47:5000
2026-01-30 19:52:55,778 INFO [33mPress CTRL+C to quit[0m
2026-01-30 19:52:55,783 INFO  * Restarting with stat
2026-01-30 19:52:56,947 INFO Found credentials in environment variables.
2026-01-30 19:52:59,162 WARNING  * Debugger is active!
2026-01-30 19:52:59,181 INFO  * Debugger PIN: 452-031-955
2026-01-30 20:03:01,337 INFO  * Detected change in 'D:\\D2D\\Sem 8\\Project\\Backend\\core\\mark_batch_attendance.py', reloading
2026-01-30 20:03:03,622 INFO  * Restarting with stat
2026-01-30 20:03:05,045 INFO Found credentials in environment variables.
2026-01-30 20:03:08,536 WARNING  * Debugger is active!
2026-01-30 20:03:08,559 INFO  * Debugger PIN: 452-031-955
2026-01-30 20:36:58,760 INFO  * Detected change in 'D:\\D2D\\Sem 8\\Project\\Backend\\core\\mark_batch_attendance.py', reloading
2026-01-30 20:37:04,058 INFO  * Restarting with stat
2026-01-30 20:37:05,876 INFO Found credentials in environment variables.
2026-01-30 20:37:10,226 WARNING  * Debugger is active!
2026-01-30 20:37:10,251 INFO  * Debugger PIN: 452-031-955
2026-01-30 20:37:54,662 INFO  * Detected change in 'D:\\D2D\\Sem 8\\Project\\Backend\\core\\mark_batch_attendance.py', reloading
2026-01-30 20:37:56,124 INFO  * Restarting with stat
2026-01-30 20:37:58,983 INFO Found credentials in environment variables.
2026-01-30 20:38:01,881 WARNING  * Debugger is active!
2026-01-30 20:38:01,902 INFO  * Debugger PIN: 452-031-955
2026-01-30 21:00:30,874 INFO  * Detected change in 'D:\\D2D\\Sem 8\\Project\\Backend\\core\\quality_check.py', reloading
2026-01-30 21:00:40,641 INFO  * Restarting with stat
2026-01-30 21:00:47,638 INFO Found credentials in environment variables.
2026-01-30 21:00:52,225 WARNING  * Debugger is active!
2026-01-30 21:00:52,243 INFO  * Debugger PIN: 452-031-955
2026-01-30 21:01:17,098 INFO  * Detected change in 'D:\\D2D\\Sem 8\\Project\\Backend\\core\\quality_check.py', reloading
2026-01-30 21:01:17,863 INFO  * Restarting with stat
2026-01-30 21:01:19,472 INFO Found credentials in environment variables.
2026-01-30 21:01:25,135 WARNING  * Debugger is active!
2026-01-30 21:01:25,149 INFO  * Debugger PIN: 452-031-955
2026-01-30 21:01:45,951 INFO  * Detected change in 'D:\\D2D\\Sem 8\\Project\\Backend\\core\\mark_batch_attendance.py', reloading
2026-01-30 21:01:46,584 INFO  * Restarting with stat
2026-01-30 21:01:49,743 INFO Found credentials in environment variables.
2026-01-30 21:01:54,356 WARNING  * Debugger is active!
2026-01-30 21:01:54,375 INFO  * Debugger PIN: 452-031-955
